
Circuit: amplificador cascode con entrada complementaria

Warning: Model issue on line 5 :
  .model n_18_mm nmos ( level=49 version=3.1 tnom=27 tox=4.1e-9 xj=1e-7 nc ...
unrecognized parameter (xl) - ignored
unrecognized parameter (xw) - ignored
Warning: Model issue on line 7 :
  .model p_18_mm pmos ( level=49 version=3.1 tnom=27 tox=4.1e-9 xj=1e-7 nc ...
unrecognized parameter (xl) - ignored
unrecognized parameter (xw) - ignored
Doing analysis at TEMP = 27.000000 and TNOM = 27.000000

Warning: Pd = 0 is less than W.
Warning: Ps = 0 is less than W.
Warning: Pd = 0 is less than W.
Warning: Ps = 0 is less than W.
Warning: Pd = 0 is less than W.
Warning: Ps = 0 is less than W.
Warning: Pd = 0 is less than W.
Warning: Ps = 0 is less than W.
Warning: Pd = 0 is less than W.
Warning: Ps = 0 is less than W.
Warning: Pd = 0 is less than W.
Warning: Ps = 0 is less than W.
Warning: Pd = 0 is less than W.
Warning: Ps = 0 is less than W.
Warning: Pd = 0 is less than W.
Warning: Ps = 0 is less than W.
Note: Starting true gmin stepping
Trying gmin =   1.0000E-03 Warning: Further gmin increment
Trying gmin =   5.6234E-03 Warning: Further gmin increment
Trying gmin =   8.6596E-03 Warning: Further gmin increment
Trying gmin =   9.6466E-03 Warning: Further gmin increment
Trying gmin =   9.9105E-03 Warning: Further gmin increment
Trying gmin =   9.9775E-03 Warning: Further gmin increment
Trying gmin =   9.9944E-03 Warning: Further gmin increment
Trying gmin =   9.9986E-03 Warning: Further gmin increment
Trying gmin =   9.9996E-03 Warning: Last gmin step failed
Warning: True gmin stepping failed
Note: Starting dynamic gmin stepping
Trying gmin =   1.0000E-03 Note: One successful gmin step
Trying gmin =   1.0000E-04 Note: One successful gmin step
Trying gmin =   1.0000E-05 Note: One successful gmin step
Trying gmin =   1.0000E-06 Warning: Further gmin increment
Trying gmin =   5.6234E-06 Warning: Further gmin increment
Trying gmin =   8.6596E-06 Note: One successful gmin step
Trying gmin =   6.9783E-06 Note: One successful gmin step
Trying gmin =   5.0481E-06 Note: One successful gmin step
Trying gmin =   3.1059E-06 Note: One successful gmin step
Trying gmin =   1.4989E-06 Note: One successful gmin step
Trying gmin =   5.0254E-07 Note: One successful gmin step
Trying gmin =   9.7557E-08 Note: One successful gmin step
Trying gmin =   9.7557E-09 Note: One successful gmin step
Trying gmin =   9.7557E-10 Note: One successful gmin step
Trying gmin =   9.7557E-11 Note: One successful gmin step
Trying gmin =   9.7557E-12 Note: One successful gmin step
Trying gmin =   1.0000E-12 Note: One successful gmin step
Note: Dynamic gmin stepping completed

No. of Data Rows : 1
v(out) = 9.948191e-01
Doing analysis at TEMP = 27.000000 and TNOM = 27.000000

Warning: Pd = 0 is less than W.
Warning: Ps = 0 is less than W.
Warning: Pd = 0 is less than W.
Warning: Ps = 0 is less than W.
Warning: Pd = 0 is less than W.
Warning: Ps = 0 is less than W.
Warning: Pd = 0 is less than W.
Warning: Ps = 0 is less than W.
Warning: Pd = 0 is less than W.
Warning: Ps = 0 is less than W.
Warning: Pd = 0 is less than W.
Warning: Ps = 0 is less than W.
Warning: Pd = 0 is less than W.
Warning: Ps = 0 is less than W.
Warning: Pd = 0 is less than W.
Warning: Ps = 0 is less than W.
Note: Starting true gmin stepping
Trying gmin =   1.0000E-03 Warning: Further gmin increment
Trying gmin =   5.6234E-03 Warning: Further gmin increment
Trying gmin =   8.6596E-03 Warning: Further gmin increment
Trying gmin =   9.6466E-03 Warning: Further gmin increment
Trying gmin =   9.9105E-03 Warning: Further gmin increment
Trying gmin =   9.9775E-03 Warning: Further gmin increment
Trying gmin =   9.9944E-03 Warning: Further gmin increment
Trying gmin =   9.9986E-03 Warning: Further gmin increment
Trying gmin =   9.9996E-03 Warning: Last gmin step failed
Warning: True gmin stepping failed
Note: Starting dynamic gmin stepping
Trying gmin =   1.0000E-03 Note: One successful gmin step
Trying gmin =   1.0000E-04 Note: One successful gmin step
Trying gmin =   1.0000E-05 Note: One successful gmin step
Trying gmin =   1.0000E-06 Warning: Further gmin increment
Trying gmin =   5.6234E-06 Warning: Further gmin increment
Trying gmin =   8.6596E-06 Note: One successful gmin step
Trying gmin =   6.9783E-06 Note: One successful gmin step
Trying gmin =   5.0481E-06 Note: One successful gmin step
Trying gmin =   3.1059E-06 Note: One successful gmin step
Trying gmin =   1.4989E-06 Note: One successful gmin step
Trying gmin =   5.0254E-07 Note: One successful gmin step
Trying gmin =   9.7557E-08 Note: One successful gmin step
Trying gmin =   9.7557E-09 Note: One successful gmin step
Trying gmin =   9.7557E-10 Note: One successful gmin step
Trying gmin =   9.7557E-11 Note: One successful gmin step
Trying gmin =   9.7557E-12 Note: One successful gmin step
Trying gmin =   1.0000E-12 Note: One successful gmin step
Note: Dynamic gmin stepping completed

No. of Data Rows : 1
	Node                                  Voltage
	----                                  -------
	----	-------
	xamp1.16                         -1.10487e+00
	xamp1.15                         9.986046e-01
	xamp1.14                         -9.50000e-01
	xamp1.13                         -7.50000e-01
	out                              9.948191e-01
	xamp1.12                         5.500000e-01
	xamp1.11                         9.948191e-01
	xamp1.10                         1.400653e+00
	vss                              -1.65000e+00
	xamp1.5                          -8.11011e-01
	xamp1.9                          1.400653e+00
	vneg                             0.000000e+00
	xamp1.8                          -1.44921e+00
	vdd                              1.650000e+00
	xamp1.1                          7.888186e-01
	vpos                             0.000000e+00
	xamp1.4                          -1.44921e+00

	Source	Current
	------	-------

	v.xamp1.vb1#branch               0.000000e+00
	v.xamp1.vb2#branch               0.000000e+00
	v.xamp1.vb3#branch               0.000000e+00
	vdd#branch                       -1.96670e-04
	vss#branch                       1.966697e-04
	v2#branch                        0.000000e+00
	v1#branch                        0.000000e+00

 BSIM3v1 models (Berkeley Short Channel IGFET Model Version-3 (3.1))
      model               n_18_mm               p_18_mm

     capmod                     2                     2
     nqsmod                     0                     0
     mobmod                     1                     1
     noimod                     1                     1
   paramchk                     0                     0
    binunit                     1                     1
    version                   3.1                   3.1
        tox               4.1e-09               4.1e-09
       cdsc               0.00024               0.00024
      cdscb                     0                     0
      cdscd                     0                     0
        cit                     0                     0
    nfactor               2.38205               1.80446
         xj                 1e-07                 1e-07
       vsat               96750.2                184049
         at                 33000                 33000
         a0                     2               1.76591
        ags              0.416968              0.419932
         a1           0.000799632               0.45371
         a2              0.999873                   0.3
       keta           -0.00770421             0.0126497
       nsub                 6e+16                 6e+16
        nch            2.3549e+17            4.1589e+17
      ngate                     0                     0
     gamma1                     0                     0
     gamma2                     0                     0
        vbx                     0                     0
        vbm                    -3                    -3
         xt              1.55e-07              1.55e-07
         k1              0.593517              0.595554
        kt1                 -0.11                 -0.11
       kt1l                     0                     0
        kt2                 0.022                 0.022
         k2            0.00238533             0.0265154
         k3                 0.001                     0
        k3b               3.19051                10.799
         w0                 1e-07                 1e-06
        nlx           1.78685e-07           7.39315e-08
       dvt0               1.72038              0.362232
       dvt1              0.430834              0.256034
       dvt2             0.0467521                   0.1
      dvt0w                     0                     0
      dvt1w                     0                     0
      dvt2w                     0                     0
      drout              0.783102           0.000583046
       dsub             0.0110906              0.940025
       vth0              0.379659             -0.421565
         ua          -1.18857e-09           1.65604e-09
        ua1              4.31e-09              4.31e-09
         ub           1.93088e-18                 1e-21
        ub1             -7.61e-18             -7.61e-18
         uc           2.22482e-11                -1e-10
        uc1              -5.6e-11              -5.6e-11
         u0               269.063               119.209
        ute                  -1.5                  -1.5
       voff            -0.0901723             -0.103519
       tnom                300.15                300.15
       cgso              7.45e-10              6.52e-10
       cgdo              7.45e-10              6.52e-10
       cgbo                 1e-12                 1e-12
      xpart                   0.5                   0.5
        elm                     5                     5
      delta                  0.01                  0.01
        rsh                   6.7                   7.6
       rdsw                   105                201.02
       prwg                   0.5                   0.5
       prwb                  -0.2                  -0.5
        prt                     0                     0
       eta0            0.00144804             0.0079869
       etab          -0.000275473             -0.115204
       pclm               1.06226               1.97118
    pdiblc1              0.317228                     0
    pdiblc2             0.0037557             0.0195957
    pdiblcb                  -0.1                -0.001
     pscbe1           5.99596e+10           2.22426e+09
     pscbe2           5.68602e-08            6.4242e-10
       pvag              0.356836                10.227
         js                0.0001                0.0001
        jsw                     0                     0
         pb              0.729251              0.860431
         nj                     1                     1
        xti                     3                     3
         mj              0.361014              0.416198
       pbsw                0.6351               0.61612
       mjsw                   0.1              0.273514
      pbswg                0.6351               0.61612
      mjswg                   0.1              0.273514
         cj           0.000972514            0.00115683
      vfbcv                    -1                    -1
       cjsw           2.26939e-10           1.80032e-10
      cjswg               3.3e-10              4.22e-10
       lint           1.02831e-08           2.42201e-08
         ll                     0                     0
        lln                     1                     1
         lw                     0                     0
        lwn                     1                     1
        lwl                     0                     0
       lmin                     0                     0
       lmax                     1                     1
         wr                     1                     1
       wint           2.02596e-09                     0
        dwg           -6.4982e-10          -2.79099e-08
        dwb            1.2179e-08           5.97765e-09
         wl                     0                     0
        wln                     1                     1
         ww                     0                     0
        wwn                     1                     1
        wwl                     0                     0
       wmin                     0                     0
       wmax                     1                     1
         b0          -1.06396e-08           9.96051e-07
         b1                -1e-07           3.37199e-06
       cgsl                     0                     0
       cgdl                     0                     0
     ckappa                   0.6                   0.6
         cf                     0                     0
        clc                 1e-07                 1e-07
        cle                   0.6                   0.6
        dwc           2.02596e-09                     0
        dlc           1.02831e-08           2.42201e-08
     alpha0                     0                     0
      beta0                    30                    30
      lcdsc                     0                     0
     lcdscb                     0                     0
     lcdscd                     0                     0
       lcit                     0                     0
   lnfactor                     0                     0
        lxj                     0                     0
      lvsat                     0                     0
        lat                     0                     0
        la0                     0                     0
       lags                     0                     0
        la1                     0                     0
        la2                     0                     0
      lketa           -0.00566719           -0.00285111
      lnsub                     0                     0
       lnch                     0                     0
     lngate                     0                     0
    lgamma1                     0                     0
    lgamma2                     0                     0
       lvbx                     0                     0
       lvbm                     0                     0
        lxt                     0                     0
        lk1                     0                     0
       lkt1                     0                     0
      lkt1l                     0                     0
       lkt2                     0                     0
        lk2                     0                     0
        lk3                     0                     0
       lk3b                     0                     0
        lw0                     0                     0
       lnlx                     0                     0
      ldvt0                     0                     0
      ldvt1                     0                     0
      ldvt2                     0                     0
     ldvt0w                     0                     0
     ldvt1w                     0                     0
     ldvt2w                     0                     0
     ldrout                     0                     0
      ldsub                     0                     0
      lvth0                     0                     0
        lua                     0                     0
       lua1                     0                     0
        lub                     0                     0
       lub1                     0                     0
        luc                     0                     0
       luc1                     0                     0
        lu0                     0                     0
       lute                     0                     0
      lvoff                     0                     0
       lelm                     0                     0
     ldelta                     0                     0
      lrdsw                     0                     0
      lprwg                     0                     0
      lprwb                     0                     0
       lprt                     0                     0
      leta0                     0                     0
      letab                    -0                    -0
      lpclm                     0                     0
   lpdiblc1                     0                     0
   lpdiblc2                     0                     0
   lpdiblcb                     0                     0
    lpscbe1                     0                     0
    lpscbe2                     0                     0
      lpvag                     0                     0
        lwr                     0                     0
       ldwg                     0                     0
       ldwb                     0                     0
        lb0                     0                     0
        lb1                     0                     0
      lcgsl                     0                     0
      lcgdl                     0                     0
    lckappa                     0                     0
        lcf                     0                     0
       lclc                     0                     0
       lcle                     0                     0
    lalpha0                     0                     0
     lbeta0                     0                     0
     lvfbcv                     0                     0
      wcdsc                     0                     0
     wcdscb                     0                     0
     wcdscd                     0                     0
       wcit                     0                     0
   wnfactor                     0                     0
        wxj                     0                     0
      wvsat                     0                     0
        wat                     0                     0
        wa0                     0                     0
       wags                     0                     0
        wa1                     0                     0
        wa2                     0                     0
      wketa            0.00176355            0.00247881
      wnsub                     0                     0
       wnch                     0                     0
     wngate                     0                     0
    wgamma1                     0                     0
    wgamma2                     0                     0
       wvbx                     0                     0
       wvbm                     0                     0
        wxt                     0                     0
        wk1                     0                     0
       wkt1                     0                     0
      wkt1l                     0                     0
       wkt2                     0                     0
        wk2                     0                     0
        wk3                     0                     0
       wk3b                     0                     0
        ww0                     0                     0
       wnlx                     0                     0
      wdvt0                     0                     0
      wdvt1                     0                     0
      wdvt2                     0                     0
     wdvt0w                     0                     0
     wdvt1w                     0                     0
     wdvt2w                     0                     0
     wdrout                     0                     0
      wdsub                     0                     0
      wvth0                     0                     0
        wua                     0                     0
       wua1                     0                     0
        wub                     0                     0
       wub1                     0                     0
        wuc                     0                     0
       wuc1                     0                     0
        wu0                     0                     0
       wute                     0                     0
      wvoff                     0                     0
       welm                     0                     0
     wdelta                     0                     0
      wrdsw                     0                     0
      wprwg                     0                     0
      wprwb                     0                     0
       wprt                     0                     0
      weta0                     0                     0
      wetab                     0                     0
      wpclm                     0                     0
   wpdiblc1                     0                     0
   wpdiblc2                     0                     0
   wpdiblcb                     0                     0
    wpscbe1                     0                     0
    wpscbe2                     0                     0
      wpvag                     0                     0
        wwr                     0                     0
       wdwg                     0                     0
       wdwb                     0                     0
        wb0                     0                     0
        wb1                     0                     0
      wcgsl                     0                     0
      wcgdl                     0                     0
    wckappa                     0                     0
        wcf                     0                     0
       wclc                     0                     0
       wcle                     0                     0
    walpha0                     0                     0
     wbeta0                     0                     0
     wvfbcv                     0                     0
      pcdsc                     0                     0
     pcdscb                     0                     0
     pcdscd                     0                     0
       pcit                     0                     0
   pnfactor                     0                     0
        pxj                     0                     0
      pvsat               1427.61                   -50
        pat                     0                     0
        pa0                     0                     0
       pags                     0                     0
        pa1                     0                     0
        pa2                     0                     0
      pketa           -0.00119699            0.00265011
      pnsub                     0                     0
       pnch                     0                     0
     pngate                     0                     0
    pgamma1                     0                     0
    pgamma2                     0                     0
       pvbx                     0                     0
       pvbm                     0                     0
        pxt                     0                     0
        pk1                     0                     0
       pkt1                     0                     0
      pkt1l                     0                     0
       pkt2                     0                     0
        pk2            0.00186034            0.00167133
        pk3                     0                     0
       pk3b                     0                     0
        pw0                     0                     0
       pnlx                     0                     0
      pdvt0                     0                     0
      pdvt1                     0                     0
      pdvt2                     0                     0
     pdvt0w                     0                     0
     pdvt1w                     0                     0
     pdvt2w                     0                     0
     pdrout                     0                     0
      pdsub                     0                     0
      pvth0           -0.00213993            0.00112111
        pua          -2.87112e-11          -7.23748e-11
       pua1                     0                     0
        pub                     0                 1e-21
       pub1                     0                     0
        puc                     0                     0
       puc1                     0                     0
        pu0             -0.229528              -1.81877
       pute                     0                     0
      pvoff                     0                     0
       pelm                     0                     0
     pdelta                     0                     0
      prdsw               -1.2312               12.2644
      pprwg                     0                     0
      pprwb                     0                     0
       pprt                     0                     0
      peta0                0.0001                0.0001
      petab                     0                     0
      ppclm                     0                     0
   ppdiblc1                     0                     0
   ppdiblc2                     0                     0
   ppdiblcb                     0                     0
    ppscbe1                     0                     0
    ppscbe2                     0                     0
      ppvag                     0                     0
        pwr                     0                     0
       pdwg                     0                     0
       pdwb                     0                     0
        pb0                     0                     0
        pb1                     0                     0
      pcgsl                     0                     0
      pcgdl                     0                     0
    pckappa                     0                     0
        pcf                     0                     0
       pclc                     0                     0
       pcle                     0                     0
    palpha0                     0                     0
     pbeta0                     0                     0
     pvfbcv                     0                     0
       noia                 1e+20               9.9e+18
       noib                 50000                  2400
       noic              -1.4e-12               1.4e-12
         em               4.1e+07               4.1e+07
         ef                     1                     1
         af                     1                     1
         kf                     0                     0
       hdif <<NAN, error = 7>> <<NAN, error = 7>>

 Capacitor models (Fixed capacitor)
      model                     C

        cap                     0
         cj                     0
       cjsw                     0
       defw                 1e-05
       defl                     0
     narrow                     0
      short                     0
        del                     0
        tc1                     0
        tc2                     0
         di                     0
      thick                     0
     bv_max                 1e+99

 BSIM3v1: Berkeley Short Channel IGFET Model Version-3 (3.1)
     device           m.xamp1.m17           m.xamp1.m16           m.xamp1.m15
      model               n_18_mm               n_18_mm               n_18_mm
          l                 1e-06                 1e-06                 1e-06
          w               1.5e-05               1.5e-05                 2e-05
          m                     1                     1                     1
         ad                     0                     0                     0
         as                     0                     0                     0
         pd           1.49959e-05                     0           1.99959e-05
         ps           1.49959e-05                     0           1.99959e-05
        nrd                     1                     1                     1
        nrs                     1                     1                     1
        off                     0                     0                     0
     nqsmod                     0                     0                     0
       gmbs           0.000101084           0.000111166           0.000132194
         gm           0.000352812           0.000391148           0.000460558
        gds           2.07702e-06           2.14091e-06           2.94288e-06
      vdsat              0.100657              0.104252              0.100012
        vth              0.424755              0.418955              0.425751
         id           2.31607e-05           2.69165e-05                 3e-05
        vbs          -0.000155176           -0.00018034             -0.000201
        vgs              0.544978              0.544953              0.544933
        vds              0.838679               2.64824              0.544732

 BSIM3v1: Berkeley Short Channel IGFET Model Version-3 (3.1)
     device           m.xamp1.m12           m.xamp1.m11           m.xamp1.m10
      model               n_18_mm               n_18_mm               n_18_mm
          l                 1e-06                 1e-06                 1e-06
          w                 8e-06                 8e-06                 8e-06
          m                     1                     1                     1
         ad                     0                     0                     0
         as                     0                     0                     0
         pd           7.99595e-06                     0                     0
         ps           7.99595e-06                     0                     0
        nrd                     1                     1                     1
        nrs                     1                     1                     1
        off                     0                     0                     0
     nqsmod                     0                     0                     0
       gmbs           0.000110948           0.000110948           0.000103346
         gm           0.000393929           0.000393929           0.000399852
        gds           6.51675e-05           6.51675e-05           2.38789e-06
      vdsat              0.203725              0.203725              0.174307
        vth               0.42675               0.42675              0.480284
         id           5.82963e-05           5.82963e-05           4.46537e-05
        vbs          -0.000390585          -0.000390585             -0.201089
        vgs              0.699609              0.699609              0.698911
        vds              0.200009              0.200009               2.44343

 BSIM3v1: Berkeley Short Channel IGFET Model Version-3 (3.1)
     device            m.xamp1.m9            m.xamp1.m4            m.xamp1.m3
      model               n_18_mm               n_18_mm               n_18_mm
          l                 1e-06                 1e-06                 1e-06
          w                 8e-06                 3e-06                 3e-06
          m                     1                     1                     1
         ad                     0                     0                     0
         as                     0                     0                     0
         pd                     0           2.99595e-06                     0
         ps                     0           2.99595e-06                     0
        nrd                     1                     1                     1
        nrs                     1                     1                     1
        off                     0                     0                     0
     nqsmod                     0                     0                     0
       gmbs           0.000103346           2.69668e-05           2.69668e-05
         gm           0.000399852           0.000126114           0.000126114
        gds           2.38789e-06           8.21131e-07           8.21131e-07
      vdsat              0.174307              0.154604              0.154604
        vth              0.480284              0.641007              0.641007
         id           4.46537e-05           1.15803e-05           1.15803e-05
        vbs             -0.201089             -0.839067             -0.839067
        vgs              0.698911              0.810933              0.810933
        vds               2.44343               2.21151               2.21151

 BSIM3v1: Berkeley Short Channel IGFET Model Version-3 (3.1)
     device           m.xamp1.m14           m.xamp1.m13            m.xamp1.m8
      model               p_18_mm               p_18_mm               p_18_mm
          l                 1e-06                 1e-06                 1e-06
          w                 2e-05                 2e-05               1.5e-05
          m                     1                     1                     1
         ad                     0                     0                     0
         as                     0                     0                     0
         pd                 2e-05                     0               1.5e-05
         ps                 2e-05                     0               1.5e-05
        nrd                     1                     1                     1
        nrs                     1                     1                     1
        off                     0                     0                     0
     nqsmod                     0                     0                     0
       gmbs           7.97633e-05           7.88691e-05           7.68631e-05
         gm            0.00023582           0.000233327           0.000245609
        gds           1.72282e-06            1.8147e-06           4.74058e-06
      vdsat              0.172654              0.172657              0.266727
        vth               0.44254              0.442539              0.522409
         id           2.72852e-05           2.69165e-05           4.46537e-05
        vbs          -0.000207367          -0.000204565             -0.249687
        vgs              0.651188              0.651191              0.850313
        vds              0.860767              0.650986              0.405155

 BSIM3v1: Berkeley Short Channel IGFET Model Version-3 (3.1)
     device            m.xamp1.m7            m.xamp1.m6            m.xamp1.m5
      model               p_18_mm               p_18_mm               p_18_mm
          l                 1e-06                 1e-06                 1e-06
          w               1.5e-05               4.2e-05               4.2e-05
          m                     1                     1                     1
         ad                     0                     0                     0
         as                     0                     0                     0
         pd                     0               4.2e-05                     0
         ps                     0               4.2e-05                     0
        nrd                     1                     1                     1
        nrs                     1                     1                     1
        off                     0                     0                     0
     nqsmod                     0                     0                     0
       gmbs           7.68631e-05           0.000161602           0.000161602
         gm           0.000245609           0.000476124           0.000476124
        gds           4.74058e-06           1.44732e-05           1.44732e-05
      vdsat              0.266727              0.175867              0.175867
        vth              0.522409              0.442646              0.442646
         id           4.46537e-05            5.6234e-05            5.6234e-05
        vbs             -0.249687          -0.000427379          -0.000427379
        vgs              0.850313              0.654753              0.654753
        vds              0.405155              0.248493              0.248493

 BSIM3v1: Berkeley Short Channel IGFET Model Version-3 (3.1)
     device            m.xamp1.m2            m.xamp1.m1
      model               p_18_mm               p_18_mm
          l                 1e-06                 1e-06
          w               3.2e-05               3.2e-05
          m                     1                     1
         ad                     0                     0
         as                     0                     0
         pd               3.2e-05                     0
         ps               3.2e-05                     0
        nrd                     1                     1
        nrs                     1                     1
        off                     0                     0
     nqsmod                     0                     0
       gmbs           4.89579e-05           4.89579e-05
         gm           0.000191566           0.000191566
        gds           8.83424e-07           8.83424e-07
      vdsat              0.112272              0.112272
        vth              0.690592              0.690592
         id           1.36426e-05           1.36426e-05
        vbs             -0.861285             -0.861285
        vgs              0.788715              0.788715
        vds               2.23782               2.23782

 Capacitor: Fixed capacitor
     device                    cl
      model                     C
capacitance                 1e-11
      dtemp                     0
     bv_max                 1e+99
          i                     0
          p                     0

 Isource: Independent current source
     device         i.xamp1.ibias
         dc                 3e-05
          m                     1
      acmag                     0
      pulse         -
        sin         -
        exp         -
        pwl         -
       sffm         -
         am         -
    trnoise         -
   trrandom         -
          v              -2.75487
          p            8.2646e-05
    current                 3e-05

 Vsource: Independent voltage source
     device                    v1                    v2                   vss
         dc                     0                     0                 -1.65
      acmag                     0                     0                     0
      pulse         -         -         -
        sin         -         -         -
        exp         -         -         -
        pwl         -         -         -
       sffm         -         -         -
         am         -         -         -
    trnoise         -         -         -
   trrandom         -         -         -
          i                     0                     0            0.00019667
          p                     0                     0          -0.000324505

 Vsource: Independent voltage source
     device                   vdd           v.xamp1.vb3           v.xamp1.vb2
         dc                  1.65                 -0.95                 -0.75
      acmag                     0                     0                     0
      pulse         -         -         -
        sin         -         -         -
        exp         -         -         -
        pwl         -         -         -
       sffm         -         -         -
         am         -         -         -
    trnoise         -         -         -
   trrandom         -         -         -
          i           -0.00019667                     0                     0
          p          -0.000324505                    -0                    -0

 Vsource: Independent voltage source
     device           v.xamp1.vb1
         dc                  0.55
      acmag                     0
      pulse         -
        sin         -
        exp         -
        pwl         -
       sffm         -
         am         -
    trnoise         -
   trrandom         -
          i                     0
          p                     0


Total analysis time (seconds) = 0.034

Total elapsed time (seconds) = 0.037 

Total DRAM available = 16051.594 MB.
DRAM currently available = 9963.816 MB.
Maximum ngspice program size =   15.312 MB.
Current ngspice program size =    8.539 MB.

Shared ngspice pages =    7.086 MB.
Text (code) pages =    5.754 MB.
Stack = 0 bytes.
Library pages =    2.207 MB.

